<?xml version="1.0" encoding="UTF-8"?>
<!-- Generated by org.testng.reporters.JUnitReportReporter -->
<testsuite hostname="DESKTOP-OQCH81E" failures="0" tests="2" name="practice_TroubleTicket.practice_createTroubleTicketTest_TC2_Edit_TC3" time="35.545" errors="0" timestamp="2024-10-19T12:02:55 IST" skipped="0">
  <testcase classname="practice_TroubleTicket.practice_createTroubleTicketTest_TC2_Edit_TC3" name="practice_createTroubleTickTest" time="13.999"/>
  <system-out/>
  <testcase classname="practice_TroubleTicket.practice_createTroubleTicketTest_TC2_Edit_TC3" name="practice_createTroubleTick_Edit_Test" time="21.546"/>
  <system-out/>
</testsuite> <!-- practice_TroubleTicket.practice_createTroubleTicketTest_TC2_Edit_TC3 -->
