<?xml version="1.0" encoding="UTF-8"?>
<!-- Generated by org.testng.reporters.JUnitReportReporter -->
<testsuite hostname="DESKTOP-OQCH81E" failures="0" tests="2" name="practice_CalendarEvent.practice_CreateCalendarEventTest_TC6" time="143.453" errors="0" timestamp="2024-10-26T10:29:50 IST" skipped="0">
  <testcase classname="practice_CalendarEvent.practice_CreateCalendarEventTest_TC6" name="configBS" time="80.755"/>
  <system-out>
    <![CDATA[====>configBS<=======START=====
=== connect to DB , report config  BS ===
====>configBS<=======END=====]]>
  </system-out>
  <testcase classname="practice_CalendarEvent.practice_CreateCalendarEventTest_TC6" name="practice_CreateCalendarEvent_Test" time="62.698"/>
  <system-out>
    <![CDATA[====>practice_CreateCalendarEvent_Test<=======START=====
pommeeting4656
08
10
PM
09
20
PM
====>practice_CreateCalendarEvent_Test<=======END=====]]>
  </system-out>
</testsuite> <!-- practice_CalendarEvent.practice_CreateCalendarEventTest_TC6 -->
