<?xml version="1.0" encoding="UTF-8"?>
<!-- Generated by org.testng.reporters.JUnitReportReporter -->
<testsuite hostname="DESKTOP-OQCH81E" failures="0" tests="2" name="practice_Opportunities.practice_CreateOpportunitiesWithOrgTest_TC5" time="161.029" errors="0" timestamp="2024-10-26T10:29:50 IST" skipped="0">
  <testcase classname="practice_Opportunities.practice_CreateOpportunitiesWithOrgTest_TC5" name="practice_createOpp_Org_Test" time="110.458"/>
  <system-out>
    <![CDATA[====>practice_createOpp_Org_Test<=======START=====
====>practice_createOpp_Org_Test<=======END=====]]>
  </system-out>
  <testcase classname="practice_Opportunities.practice_CreateOpportunitiesWithOrgTest_TC5" name="configBS" time="50.571"/>
  <system-out>
    <![CDATA[====>configBS<=======START=====
=== connect to DB , report config  BS ===
====>configBS<=======END=====]]>
  </system-out>
</testsuite> <!-- practice_Opportunities.practice_CreateOpportunitiesWithOrgTest_TC5 -->
