<?xml version="1.0" encoding="UTF-8"?>
<!-- Generated by org.testng.reporters.JUnitReportReporter -->
<testsuite hostname="DESKTOP-OQCH81E" failures="0" tests="2" name="com.crm.comcast.orgTest_practice.createOrgFileTest" time="0.013" errors="0" timestamp="2024-10-18T14:29:53 IST" skipped="0">
  <testcase classname="com.crm.comcast.orgTest_practice.createOrgFileTest" name="createOrgwithIndu" time="0.004"/>
  <system-out/>
  <testcase classname="com.crm.comcast.orgTest_practice.createOrgFileTest" name="createOrg" time="0.009"/>
  <system-out/>
</testsuite> <!-- com.crm.comcast.orgTest_practice.createOrgFileTest -->
