<?xml version="1.0" encoding="UTF-8"?>
<!-- Generated by org.testng.reporters.JUnitReportReporter -->
<testsuite hostname="DESKTOP-OQCH81E" failures="0" tests="2" name="practice_Products.practice_createproductTest_TC1" time="160.562" errors="0" timestamp="2024-10-26T10:29:50 IST" skipped="0">
  <testcase classname="practice_Products.practice_createproductTest_TC1" name="configBS" time="16.103"/>
  <system-out>
    <![CDATA[====>configBS<=======START=====
=== connect to DB , report config  BS ===
====>configBS<=======END=====]]>
  </system-out>
  <testcase classname="practice_Products.practice_createproductTest_TC1" name="practice_createprodTest" time="144.459"/>
  <system-out>
    <![CDATA[====>practice_createprodTest<=======START=====
====>practice_createprodTest<=======END=====]]>
  </system-out>
</testsuite> <!-- practice_Products.practice_createproductTest_TC1 -->
