<?xml version="1.0" encoding="UTF-8"?>
<!-- Generated by org.testng.reporters.JUnitReportReporter -->
<testsuite hostname="DESKTOP-OQCH81E" failures="0" tests="1" name="practice_TroubleTicket.practice_createTroubleTicketTest_Edit_OrgName_ProdName_TC3" time="17.383" errors="0" timestamp="2024-10-19T10:59:50 IST" skipped="0">
  <testcase classname="practice_TroubleTicket.practice_createTroubleTicketTest_Edit_OrgName_ProdName_TC3" name="practice_createTroubleTick_Edit_Test" time="17.383"/>
  <system-out/>
</testsuite> <!-- practice_TroubleTicket.practice_createTroubleTicketTest_Edit_OrgName_ProdName_TC3 -->
