<?xml version="1.0" encoding="UTF-8"?>
<!-- Generated by org.testng.reporters.JUnitReportReporter -->
<testsuite hostname="DESKTOP-OQCH81E" failures="0" tests="2" name="com.crm.comcast.contactTest_practice.createContactTest" time="19.918" errors="0" timestamp="2024-10-28T14:58:43 IST" skipped="0">
  <testcase classname="com.crm.comcast.contactTest_practice.createContactTest" name="createContTest" time="7.171"/>
  <system-out>
    <![CDATA[====>createContTest<=======STARTED=====
====>createContTest<=======END=====]]>
  </system-out>
  <testcase classname="com.crm.comcast.contactTest_practice.createContactTest" name="createContactWithDate" time="12.747"/>
  <system-out>
    <![CDATA[====>createContactWithDate<=======STARTED=====
====>createContactWithDate<=======END=====]]>
  </system-out>
</testsuite> <!-- com.crm.comcast.contactTest_practice.createContactTest -->
