<?xml version="1.0" encoding="UTF-8"?>
<!-- Generated by org.testng.reporters.JUnitReportReporter -->
<testsuite hostname="DESKTOP-OQCH81E" failures="0" tests="1" name="practice.testng.SampleTestForScreenshot" time="10.283" errors="0" timestamp="2024-10-23T11:33:42 IST" skipped="0">
  <testcase classname="practice.testng.SampleTestForScreenshot" name="amazonTest" time="10.283"/>
  <system-out/>
</testsuite> <!-- practice.testng.SampleTestForScreenshot -->
