<?xml version="1.0" encoding="UTF-8"?>
<!-- Generated by org.testng.reporters.JUnitReportReporter -->
<testsuite hostname="DESKTOP-OQCH81E" failures="0" tests="2" name="practice.hometest.HomePageSampleTest" time="0.020" errors="0" timestamp="2024-10-22T15:13:18 IST" skipped="0">
  <testcase classname="practice.hometest.HomePageSampleTest" name="homePageTest" time="0.019"/>
  <system-out>
    <![CDATA[homePageTest Test Start
step-1
step-2
step-3
step-4
homePageTest Test End]]>
  </system-out>
  <testcase classname="practice.hometest.HomePageSampleTest" name="verifyLogoHomePageTest" time="0.001"/>
  <system-out>
    <![CDATA[verifyLogoHomePageTest Test Start
step-1
step-2
step-3
step-4]]>
  </system-out>
</testsuite> <!-- practice.hometest.HomePageSampleTest -->
