<?xml version="1.0" encoding="UTF-8"?>
<!-- Generated by org.testng.reporters.JUnitReportReporter -->
<testsuite hostname="DESKTOP-OQCH81E" failures="0" tests="1" name="practice.pom.repository.SampleTestWithPOM" time="15.444" errors="0" timestamp="2024-10-09T17:04:24 IST" skipped="0">
  <testcase classname="practice.pom.repository.SampleTestWithPOM" name="login" time="15.444"/>
  <system-out/>
</testsuite> <!-- practice.pom.repository.SampleTestWithPOM -->
