<?xml version="1.0" encoding="UTF-8"?>
<!-- Generated by org.testng.reporters.JUnitReportReporter -->
<testsuite hostname="DESKTOP-OQCH81E" failures="0" tests="2" name="practice_Leads.practice_createLeadsTest_TC4" time="160.444" errors="0" timestamp="2024-10-26T10:29:50 IST" skipped="0">
  <testcase classname="practice_Leads.practice_createLeadsTest_TC4" name="practice_createLeads_Test" time="145.969"/>
  <system-out>
    <![CDATA[====>practice_createLeads_Test<=======START=====
====>practice_createLeads_Test<=======END=====]]>
  </system-out>
  <testcase classname="practice_Leads.practice_createLeadsTest_TC4" name="configBS" time="14.475"/>
  <system-out>
    <![CDATA[====>configBS<=======START=====
=== connect to DB , report config  BS ===
====>configBS<=======END=====]]>
  </system-out>
</testsuite> <!-- practice_Leads.practice_createLeadsTest_TC4 -->
