<?xml version="1.0" encoding="UTF-8"?>
<!-- Generated by org.testng.reporters.JUnitReportReporter -->
<testsuite hostname="DESKTOP-OQCH81E" failures="0" tests="1" name="practice.testng.InvoiceTest3" time="9.415" errors="0" timestamp="2024-10-23T17:59:23 IST" skipped="0">
  <testcase classname="practice.testng.InvoiceTest3" name="createTest3" time="9.415"/>
  <system-out/>
</testsuite> <!-- practice.testng.InvoiceTest3 -->
