<?xml version="1.0" encoding="UTF-8"?>
<!-- Generated by org.testng.reporters.JUnitReportReporter -->
<testsuite hostname="DESKTOP-OQCH81E" failures="0" tests="2" name="practice_TroubleTicket.practice_createTroubleTicketTest_TC2" time="35.830" errors="0" timestamp="2024-10-19T12:00:38 IST" skipped="0">
  <testcase classname="practice_TroubleTicket.practice_createTroubleTicketTest_TC2" name="practice_createTroubleTickTest" time="14.784"/>
  <system-out/>
  <testcase classname="practice_TroubleTicket.practice_createTroubleTicketTest_TC2" name="practice_createTroubleTick_Edit_Test" time="21.046"/>
  <system-out/>
</testsuite> <!-- practice_TroubleTicket.practice_createTroubleTicketTest_TC2 -->
