<?xml version="1.0" encoding="UTF-8"?>
<!-- Generated by org.testng.reporters.JUnitReportReporter -->
<testsuite hostname="DESKTOP-OQCH81E" failures="0" tests="3" name="com.comcast.crm.contacttest.CreateContact_Org_SupDate_Test" time="55.899" errors="0" timestamp="2024-10-24T15:51:29 IST" skipped="0">
  <testcase classname="com.comcast.crm.contacttest.CreateContact_Org_SupDate_Test" name="createContactWithOrgTest" time="24.065"/>
  <system-out/>
  <testcase classname="com.comcast.crm.contacttest.CreateContact_Org_SupDate_Test" name="createcontactwithsupportDateTest" time="16.658"/>
  <system-out/>
  <testcase classname="com.comcast.crm.contacttest.CreateContact_Org_SupDate_Test" name="createContactTest" time="15.176"/>
  <system-out/>
</testsuite> <!-- com.comcast.crm.contacttest.CreateContact_Org_SupDate_Test -->
