<?xml version="1.0" encoding="UTF-8"?>
<!-- Generated by org.testng.reporters.JUnitReportReporter -->
<testsuite hostname="DESKTOP-OQCH81E" failures="0" tests="3" name="practice.testng.SampleReportTest" time="11.485" errors="0" timestamp="2024-10-28T13:10:59 IST" skipped="0">
  <testcase classname="practice.testng.SampleReportTest" name="createContactWithOrg" time="0.005"/>
  <system-out/>
  <testcase classname="practice.testng.SampleReportTest" name="createContactWithPhoneNumber" time="0.003"/>
  <system-out/>
  <testcase classname="practice.testng.SampleReportTest" name="createContactTest" time="11.477"/>
  <system-out/>
</testsuite> <!-- practice.testng.SampleReportTest -->
